<?xml version="1.0" encoding="UTF-8"?>
<testng-results skipped="0" failed="0" ignored="0" total="1" passed="1">
  <reporter-output>
  </reporter-output>
  <suite name="ParkingLot Test Automation Suite" duration-ms="14036" started-at="2018-12-04T17:55:24Z" finished-at="2018-12-04T17:55:38Z">
    <groups>
    </groups>
    <test name="ParkingLot Test" duration-ms="14036" started-at="2018-12-04T17:55:24Z" finished-at="2018-12-04T17:55:38Z">
      <class name="com.ParkingLot.ParkingcalcTest">
        <test-method status="PASS" signature="setUp(java.lang.String, java.lang.String)[pri:0, instance:com.ParkingLot.ParkingcalcTest@56aac163]" name="setUp" is-config="true" duration-ms="11651" started-at="2018-12-04T17:55:24Z" finished-at="2018-12-04T17:55:35Z">
          <params>
            <param index="0">
              <value>
                <![CDATA[Chrome]]>
              </value>
            </param>
            <param index="1">
              <value>
                <![CDATA[http://adam.goucher.ca/parkcalc/]]>
              </value>
            </param>
          </params>
          <reporter-output>
          </reporter-output>
        </test-method> <!-- setUp -->
        <test-method status="PASS" signature="ParkingvalidationTest(java.lang.String, java.lang.String)[pri:0, instance:com.ParkingLot.ParkingcalcTest@56aac163]" name="ParkingvalidationTest" duration-ms="1919" started-at="2018-12-04T17:55:35Z" finished-at="2018-12-04T17:55:37Z">
          <params>
            <param index="0">
              <value>
                <![CDATA[Parking Calculator]]>
              </value>
            </param>
            <param index="1">
              <value>
                <![CDATA[adam.goucher.ca/parkcalc/index.php?Lot=]]>
              </value>
            </param>
          </params>
          <reporter-output>
          </reporter-output>
        </test-method> <!-- ParkingvalidationTest -->
        <test-method status="PASS" signature="tearDown()[pri:0, instance:com.ParkingLot.ParkingcalcTest@56aac163]" name="tearDown" is-config="true" duration-ms="450" started-at="2018-12-04T17:55:37Z" finished-at="2018-12-04T17:55:38Z">
          <reporter-output>
          </reporter-output>
        </test-method> <!-- tearDown -->
      </class> <!-- com.ParkingLot.ParkingcalcTest -->
    </test> <!-- ParkingLot Test -->
  </suite> <!-- ParkingLot Test Automation Suite -->
</testng-results>
